Received command: uci
Sent UCI response
Received command: isready
Received command: uci
Sent UCI response
Received command: isready
Sent readyok response
Sent readyok response
Received command: ucinewgame
Received command: ucinewgame
Received command: uci
Sent UCI response
Received command: isready
Received command: uci
Sent UCI response
Received command: isready
Sent readyok response
Sent readyok response
Received command: ucinewgame
Received command: ucinewgame
Received command: uci
Sent UCI response
Received command: uciready
Received command: go
Starting move calculation...
Sent bestmove a2a4
Received command: uci
Sent UCI response
Received command: isready
Sent readyok response
Received command: ucinewgame
